<?xml version="1.0" encoding="UTF-8"?>
<!-- Generated by org.testng.reporters.JUnitXMLReporter -->
<testsuite ignored="1" hostname="DESKTOP-JPUHLHM" failures="0" tests="5" name="Regression" time="0.077" errors="0" timestamp="2021-12-11T20:25:09 IST">
  <testcase classname="Framework.Mavenjava.RESTAPITest" name="deletetwitter" time="0.01"/>
  <testcase classname="Framework.Mavenjava.AppiumTest" name="AndroidTest" time="0.002"/>
  <testcase classname="Framework.Mavenjava.AppiumTest" name="IOSTest" time="0.001"/>
  <testcase classname="Framework.Mavenjava.SeleniumTest" name="screentest" time="0.002"/>
  <testcase classname="Framework.Mavenjava.SeleniumTest" name="webtest" time="0.001"/>
  <testcase classname="Framework.Mavenjava.RESTAPITest" name="postJira" time="0.0">
    <ignored/>
  </testcase> <!-- postJira -->
</testsuite> <!-- Regression -->
