<?xml version="1.0" encoding="UTF-8"?>
<testng-results ignored="0" total="2" passed="2" failed="0" skipped="0">
  <reporter-output>
  </reporter-output>
  <suite started-at="2021-12-11T20:29:05 IST" name="Default suite" finished-at="2021-12-11T20:29:05 IST" duration-ms="72">
    <groups>
    </groups>
    <test started-at="2021-12-11T20:29:05 IST" name="Default test" finished-at="2021-12-11T20:29:05 IST" duration-ms="72">
      <class name="Framework.Mavenjava.RESTAPITest">
        <test-method signature="deleteTwitter()[pri:0, instance:Framework.Mavenjava.RESTAPITest@543588e6]" started-at="2021-12-11T20:29:05 IST" name="deleteTwitter" finished-at="2021-12-11T20:29:05 IST" duration-ms="11" status="PASS">
          <reporter-output>
          </reporter-output>
        </test-method> <!-- deleteTwitter -->
        <test-method signature="postJira()[pri:0, instance:Framework.Mavenjava.RESTAPITest@543588e6]" started-at="2021-12-11T20:29:05 IST" name="postJira" finished-at="2021-12-11T20:29:05 IST" duration-ms="1" status="PASS">
          <reporter-output>
          </reporter-output>
        </test-method> <!-- postJira -->
      </class> <!-- Framework.Mavenjava.RESTAPITest -->
    </test> <!-- Default test -->
  </suite> <!-- Default suite -->
</testng-results>
