<?xml version="1.0" encoding="UTF-8"?>
<!-- Generated by org.testng.reporters.JUnitXMLReporter -->
<testsuite ignored="2" hostname="DESKTOP-JPUHLHM" failures="0" tests="4" name="Smoke" time="0.079" errors="0" timestamp="2021-12-11T20:25:33 IST">
  <testcase classname="Framework.Mavenjava.RESTAPITest" name="deletetwitter" time="0.01"/>
  <testcase classname="Framework.Mavenjava.RESTAPITest" name="postJira" time="0.001"/>
  <testcase classname="Framework.Mavenjava.AppiumTest" name="AndroidTest" time="0.002"/>
  <testcase classname="Framework.Mavenjava.SeleniumTest" name="screentest" time="0.001"/>
  <testcase classname="Framework.Mavenjava.SeleniumTest" name="webtest" time="0.0">
    <ignored/>
  </testcase> <!-- webtest -->
  <testcase classname="Framework.Mavenjava.AppiumTest" name="IOSTest" time="0.0">
    <ignored/>
  </testcase> <!-- IOSTest -->
</testsuite> <!-- Smoke -->
